<?xml version="1.0" encoding="utf-8"?>
<coverage line-rate="0.7707999999999999" branch-rate="0.25" version="1.9" timestamp="1762525143" lines-covered="37" lines-valid="48" branches-covered="2" branches-valid="8">
  <sources>
    <source>C:\Users\timmy\Desktop\Studier\Inlämningsuppgiter\Teknikfördjupning AI Tester\webshopAI\</source>
  </sources>
  <packages>
    <package name="Services" line-rate="0.8181" branch-rate="0.5" complexity="11">
      <classes>
        <class name="Services.Interfaces.CartItemDto" filename="Services\Interfaces\ICartService.cs" line-rate="1" branch-rate="1" complexity="1">
          <methods>
            <method name="get_Subtotal" signature="()" line-rate="1" branch-rate="1" complexity="1">
              <lines>
                <line number="19" hits="1" branch="False" />
              </lines>
            </method>
          </methods>
          <lines>
            <line number="19" hits="1" branch="False" />
          </lines>
        </class>
        <class name="Services.Implementations.CartService" filename="Services\Implementations\CartService.cs" line-rate="1" branch-rate="0.5" complexity="7">
          <methods>
            <method name="get_Session" signature="()" line-rate="1" branch-rate="0.5" complexity="4">
              <lines>
                <line number="16" hits="56" branch="True" condition-coverage="50% (2/4)">
                  <conditions>
                    <condition number="12" type="jump" coverage="50%" />
                    <condition number="24" type="jump" coverage="50%" />
                  </conditions>
                </line>
              </lines>
            </method>
            <method name="GetItemsAsync" signature="(System.Threading.CancellationToken)" line-rate="1" branch-rate="1" complexity="1">
              <lines>
                <line number="66" hits="11" branch="False" />
              </lines>
            </method>
            <method name="SaveCartInternalAsync" signature="(System.Collections.Generic.List`1&lt;Services.Interfaces.CartItemDto&gt;,System.Threading.CancellationToken)" line-rate="1" branch-rate="1" complexity="1">
              <lines>
                <line number="90" hits="4" branch="False" />
                <line number="91" hits="4" branch="False" />
                <line number="92" hits="4" branch="False" />
                <line number="93" hits="4" branch="False" />
                <line number="94" hits="4" branch="False" />
              </lines>
            </method>
            <method name=".ctor" signature="(Microsoft.AspNetCore.Http.IHttpContextAccessor,Data.WebshopDbContext)" line-rate="1" branch-rate="1" complexity="1">
              <lines>
                <line number="10" hits="47" branch="False" />
                <line number="13" hits="47" branch="False" />
                <line number="14" hits="47" branch="False" />
              </lines>
            </method>
          </methods>
          <lines>
            <line number="16" hits="56" branch="True" condition-coverage="50% (2/4)">
              <conditions>
                <condition number="12" type="jump" coverage="50%" />
                <condition number="24" type="jump" coverage="50%" />
              </conditions>
            </line>
            <line number="66" hits="11" branch="False" />
            <line number="90" hits="4" branch="False" />
            <line number="91" hits="4" branch="False" />
            <line number="92" hits="4" branch="False" />
            <line number="93" hits="4" branch="False" />
            <line number="94" hits="4" branch="False" />
            <line number="10" hits="47" branch="False" />
            <line number="13" hits="47" branch="False" />
            <line number="14" hits="47" branch="False" />
          </lines>
        </class>
        <class name="Services.Implementations.MockPaymentProvider" filename="Services\Implementations\MockPaymentProvider.cs" line-rate="0.3333" branch-rate="1" complexity="2">
          <methods>
            <method name="ChargeAsync" signature="(System.Decimal,Services.Interfaces.PaymentRequest,System.Threading.CancellationToken)" line-rate="0" branch-rate="1" complexity="1">
              <lines>
                <line number="11" hits="0" branch="False" />
                <line number="12" hits="0" branch="False" />
                <line number="13" hits="0" branch="False" />
                <line number="14" hits="0" branch="False" />
              </lines>
            </method>
            <method name=".ctor" signature="(Microsoft.Extensions.Logging.ILogger`1&lt;Services.Implementations.MockPaymentProvider&gt;)" line-rate="1" branch-rate="1" complexity="1">
              <lines>
                <line number="6" hits="8" branch="False" />
                <line number="8" hits="8" branch="False" />
              </lines>
            </method>
          </methods>
          <lines>
            <line number="11" hits="0" branch="False" />
            <line number="12" hits="0" branch="False" />
            <line number="13" hits="0" branch="False" />
            <line number="14" hits="0" branch="False" />
            <line number="6" hits="8" branch="False" />
            <line number="8" hits="8" branch="False" />
          </lines>
        </class>
        <class name="Services.Implementations.ProductService" filename="Services\Implementations\ProductService.cs" line-rate="1" branch-rate="1" complexity="1">
          <methods>
            <method name=".ctor" signature="(Data.WebshopDbContext,Microsoft.Extensions.Logging.ILogger`1&lt;Services.Implementations.ProductService&gt;)" line-rate="1" branch-rate="1" complexity="1">
              <lines>
                <line number="14" hits="45" branch="False" />
                <line number="15" hits="45" branch="False" />
                <line number="16" hits="45" branch="False" />
                <line number="17" hits="45" branch="False" />
                <line number="18" hits="45" branch="False" />
              </lines>
            </method>
          </methods>
          <lines>
            <line number="14" hits="45" branch="False" />
            <line number="15" hits="45" branch="False" />
            <line number="16" hits="45" branch="False" />
            <line number="17" hits="45" branch="False" />
            <line number="18" hits="45" branch="False" />
          </lines>
        </class>
      </classes>
    </package>
    <package name="webshopAPP" line-rate="0.7306999999999999" branch-rate="0" complexity="11">
      <classes>
        <class name="webshopAI.ViewComponents.CartIconViewComponent" filename="webshopAI\ViewComponents\CartIconViewComponent.cs" line-rate="1" branch-rate="1" complexity="1">
          <methods>
            <method name=".ctor" signature="(Services.Interfaces.ICartService)" line-rate="1" branch-rate="1" complexity="1">
              <lines>
                <line number="6" hits="38" branch="False" />
                <line number="8" hits="38" branch="False" />
              </lines>
            </method>
          </methods>
          <lines>
            <line number="6" hits="38" branch="False" />
            <line number="8" hits="38" branch="False" />
          </lines>
        </class>
        <class name="webshopAI.Models.ErrorViewModel" filename="webshopAI\Models\ErrorViewModel.cs" line-rate="0" branch-rate="1" complexity="1">
          <methods>
            <method name="get_ShowRequestId" signature="()" line-rate="0" branch-rate="1" complexity="1">
              <lines>
                <line number="7" hits="0" branch="False" />
              </lines>
            </method>
          </methods>
          <lines>
            <line number="7" hits="0" branch="False" />
          </lines>
        </class>
        <class name="webshopAI.Controllers.CartController" filename="webshopAI\Controllers\CartController.cs" line-rate="1" branch-rate="1" complexity="1">
          <methods>
            <method name=".ctor" signature="(Services.Interfaces.ICartService,Services.Interfaces.IProductService,Microsoft.Extensions.Logging.ILogger`1&lt;webshopAI.Controllers.CartController&gt;)" line-rate="1" branch-rate="1" complexity="1">
              <lines>
                <line number="7" hits="11" branch="False" />
                <line number="9" hits="11" branch="False" />
                <line number="10" hits="11" branch="False" />
                <line number="11" hits="11" branch="False" />
              </lines>
            </method>
          </methods>
          <lines>
            <line number="7" hits="11" branch="False" />
            <line number="9" hits="11" branch="False" />
            <line number="10" hits="11" branch="False" />
            <line number="11" hits="11" branch="False" />
          </lines>
        </class>
        <class name="webshopAI.Controllers.CheckoutController" filename="webshopAI\Controllers\CheckoutController.cs" line-rate="1" branch-rate="1" complexity="1">
          <methods>
            <method name=".ctor" signature="(Services.Interfaces.ICartService,Services.Interfaces.IPaymentService,Microsoft.Extensions.Logging.ILogger`1&lt;webshopAI.Controllers.CheckoutController&gt;,Data.WebshopDbContext)" line-rate="1" branch-rate="1" complexity="1">
              <lines>
                <line number="7" hits="6" branch="False" />
                <line number="9" hits="6" branch="False" />
                <line number="10" hits="6" branch="False" />
                <line number="11" hits="6" branch="False" />
                <line number="12" hits="6" branch="False" />
              </lines>
            </method>
          </methods>
          <lines>
            <line number="7" hits="6" branch="False" />
            <line number="9" hits="6" branch="False" />
            <line number="10" hits="6" branch="False" />
            <line number="11" hits="6" branch="False" />
            <line number="12" hits="6" branch="False" />
          </lines>
        </class>
        <class name="webshopAI.Controllers.HomeController" filename="webshopAI\Controllers\HomeController.cs" line-rate="0.4545" branch-rate="0" complexity="6">
          <methods>
            <method name="Privacy" signature="()" line-rate="0" branch-rate="1" complexity="1">
              <lines>
                <line number="41" hits="0" branch="False" />
                <line number="42" hits="0" branch="False" />
                <line number="43" hits="0" branch="False" />
              </lines>
            </method>
            <method name="Error" signature="()" line-rate="0" branch-rate="0" complexity="4">
              <lines>
                <line number="47" hits="0" branch="False" />
                <line number="48" hits="0" branch="True" condition-coverage="0% (0/4)">
                  <conditions>
                    <condition number="14" type="jump" coverage="0%" />
                    <condition number="26" type="jump" coverage="0%" />
                  </conditions>
                </line>
                <line number="49" hits="0" branch="False" />
              </lines>
            </method>
            <method name=".ctor" signature="(Services.Interfaces.IProductService,Microsoft.Extensions.Logging.ILogger`1&lt;webshopAI.Controllers.HomeController&gt;)" line-rate="1" branch-rate="1" complexity="1">
              <lines>
                <line number="14" hits="10" branch="False" />
                <line number="15" hits="10" branch="False" />
                <line number="16" hits="10" branch="False" />
                <line number="17" hits="10" branch="False" />
                <line number="18" hits="10" branch="False" />
              </lines>
            </method>
          </methods>
          <lines>
            <line number="41" hits="0" branch="False" />
            <line number="42" hits="0" branch="False" />
            <line number="43" hits="0" branch="False" />
            <line number="47" hits="0" branch="False" />
            <line number="48" hits="0" branch="True" condition-coverage="0% (0/4)">
              <conditions>
                <condition number="14" type="jump" coverage="0%" />
                <condition number="26" type="jump" coverage="0%" />
              </conditions>
            </line>
            <line number="49" hits="0" branch="False" />
            <line number="14" hits="10" branch="False" />
            <line number="15" hits="10" branch="False" />
            <line number="16" hits="10" branch="False" />
            <line number="17" hits="10" branch="False" />
            <line number="18" hits="10" branch="False" />
          </lines>
        </class>
        <class name="webshopAI.Controllers.ProductsController" filename="webshopAI\Controllers\ProductsController.cs" line-rate="1" branch-rate="1" complexity="1">
          <methods>
            <method name=".ctor" signature="(Services.Interfaces.IProductService,Microsoft.Extensions.Logging.ILogger`1&lt;webshopAI.Controllers.ProductsController&gt;)" line-rate="1" branch-rate="1" complexity="1">
              <lines>
                <line number="7" hits="24" branch="False" />
                <line number="9" hits="24" branch="False" />
                <line number="10" hits="24" branch="False" />
              </lines>
            </method>
          </methods>
          <lines>
            <line number="7" hits="24" branch="False" />
            <line number="9" hits="24" branch="False" />
            <line number="10" hits="24" branch="False" />
          </lines>
        </class>
      </classes>
    </package>
  </packages>
</coverage>